<?xml version="1.0" encoding="utf-8"?><testsuites name="pytest tests"><testsuite name="pytest" errors="0" failures="0" skipped="0" tests="19" time="10.145" timestamp="2026-04-15T04:48:33.547607+00:00" hostname="agent-env-d85a16d8-992b-4ca6-b6d2-19a65fa93a06"><testcase classname="backend.tests.test_stocksense.TestAuth" name="test_login_admin" time="0.438" /><testcase classname="backend.tests.test_stocksense.TestAuth" name="test_login_invalid" time="0.120" /><testcase classname="backend.tests.test_stocksense.TestAuth" name="test_me" time="0.430" /><testcase classname="backend.tests.test_stocksense.TestDashboard" name="test_kpi_via_sales_summary" time="0.104" /><testcase classname="backend.tests.test_stocksense.TestDashboard" name="test_sales_forecast" time="0.109" /><testcase classname="backend.tests.test_stocksense.TestDashboard" name="test_ai_insights" time="6.390" /><testcase classname="backend.tests.test_stocksense.TestInventory" name="test_list_products" time="0.140" /><testcase classname="backend.tests.test_stocksense.TestInventory" name="test_create_product" time="0.422" /><testcase classname="backend.tests.test_stocksense.TestInventory" name="test_update_product" time="0.423" /><testcase classname="backend.tests.test_stocksense.TestInventory" name="test_stock_adjustment" time="0.210" /><testcase classname="backend.tests.test_stocksense.TestAlerts" name="test_list_alerts" time="0.114" /><testcase classname="backend.tests.test_stocksense.TestAlerts" name="test_mark_read" time="0.213" /><testcase classname="backend.tests.test_stocksense.TestPredictions" name="test_list_predictions" time="0.107" /><testcase classname="backend.tests.test_stocksense.TestPredictions" name="test_product_forecast" time="0.213" /><testcase classname="backend.tests.test_stocksense.TestSales" name="test_list_sales" time="0.110" /><testcase classname="backend.tests.test_stocksense.TestSales" name="test_record_sale" time="0.204" /><testcase classname="backend.tests.test_stocksense.TestSuppliers" name="test_list_suppliers" time="0.102" /><testcase classname="backend.tests.test_stocksense.TestSuppliers" name="test_create_supplier" time="0.102" /><testcase classname="backend.tests.test_stocksense.TestCategories" name="test_list_categories" time="0.108" /></testsuite></testsuites>